# JRE version: Java(TM) SE Runtime Environment (8.0_92-b14) (build 1.8.0_92-b14)
# Java VM: Java HotSpot(TM) 64-Bit Server VM (25.92-b14 mixed mode windows-amd64 compressed oops)
Heap:
 PSYoungGen      total 56320K, used 25320K [0x0000000781780000, 0x0000000785600000, 0x00000007c0000000)
  eden space 48640K, 36% used [0x0000000781780000,0x00000007828f9568,0x0000000784700000)
  from space 7680K, 96% used [0x0000000784e80000,0x00000007855c0c40,0x0000000785600000)
  to   space 7680K, 0% used [0x0000000784700000,0x0000000784700000,0x0000000784e80000)
 ParOldGen       total 128512K, used 24K [0x0000000704600000, 0x000000070c380000, 0x0000000781780000)
  object space 128512K, 0% used [0x0000000704600000,0x0000000704606000,0x000000070c380000)
 Metaspace       used 17175K, capacity 17592K, committed 17664K, reserved 1064960K
  class space    used 2149K, capacity 2281K, committed 2304K, reserved 1048576K
GC Heap History (4 events):
Event: 3.768 GC heap before
{Heap before GC invocations=1 (full 0):
 PSYoungGen      total 56320K, used 48640K [0x0000000781780000, 0x0000000785600000, 0x00000007c0000000)
  eden space 48640K, 100% used [0x0000000781780000,0x0000000784700000,0x0000000784700000)
  from space 7680K, 0% used [0x0000000784e80000,0x0000000784e80000,0x0000000785600000)
  to   space 7680K, 0% used [0x0000000784700000,0x0000000784700000,0x0000000784e80000)
 ParOldGen       total 128512K, used 0K [0x0000000704600000, 0x000000070c380000, 0x0000000781780000)
  object space 128512K, 0% used [0x0000000704600000,0x0000000704600000,0x000000070c380000)
 Metaspace       used 9482K, capacity 9660K, committed 9728K, reserved 1058816K
  class space    used 1223K, capacity 1277K, committed 1280K, reserved 1048576K
Event: 3.778 GC heap after
Heap after GC invocations=1 (full 0):
 PSYoungGen      total 56320K, used 6703K [0x0000000781780000, 0x0000000785600000, 0x00000007c0000000)
  eden space 48640K, 0% used [0x0000000781780000,0x0000000781780000,0x0000000784700000)
  from space 7680K, 87% used [0x0000000784700000,0x0000000784d8bff8,0x0000000784e80000)
  to   space 7680K, 0% used [0x0000000784e80000,0x0000000784e80000,0x0000000785600000)
 ParOldGen       total 128512K, used 16K [0x0000000704600000, 0x000000070c380000, 0x0000000781780000)
  object space 128512K, 0% used [0x0000000704600000,0x0000000704604000,0x000000070c380000)
 Metaspace       used 9482K, capacity 9660K, committed 9728K, reserved 1058816K
  class space    used 1223K, capacity 1277K, committed 1280K, reserved 1048576K
}
Event: 14.593 GC heap before
{Heap before GC invocations=2 (full 0):
 PSYoungGen      total 56320K, used 55343K [0x0000000781780000, 0x0000000785600000, 0x00000007c0000000)
  eden space 48640K, 100% used [0x0000000781780000,0x0000000784700000,0x0000000784700000)
  from space 7680K, 87% used [0x0000000784700000,0x0000000784d8bff8,0x0000000784e80000)
  to   space 7680K, 0% used [0x0000000784e80000,0x0000000784e80000,0x0000000785600000)
 ParOldGen       total 128512K, used 16K [0x0000000704600000, 0x000000070c380000, 0x0000000781780000)
  object space 128512K, 0% used [0x0000000704600000,0x0000000704604000,0x000000070c380000)
 Metaspace       used 13106K, capacity 13396K, committed 13568K, reserved 1060864K
  class space    used 1601K, capacity 1689K, committed 1792K, reserved 1048576K
Event: 14.604 GC heap after
Heap after GC invocations=2 (full 0):
 PSYoungGen      total 56320K, used 7427K [0x0000000781780000, 0x0000000785600000, 0x00000007c0000000)
  eden space 48640K, 0% used [0x0000000781780000,0x0000000781780000,0x0000000784700000)
  from space 7680K, 96% used [0x0000000784e80000,0x00000007855c0c40,0x0000000785600000)
  to   space 7680K, 0% used [0x0000000784700000,0x0000000784700000,0x0000000784e80000)
 ParOldGen       total 128512K, used 24K [0x0000000704600000, 0x000000070c380000, 0x0000000781780000)
  object space 128512K, 0% used [0x0000000704600000,0x0000000704606000,0x000000070c380000)
 Metaspace       used 13106K, capacity 13396K, committed 13568K, reserved 1060864K
  class space    used 1601K, capacity 1689K, committed 1792K, reserved 1048576K
}

